Warning[205] C:\USERS\YEUCL\DESKTOP\BUSSINES\PIC_CLAVES\PROYECTO USUARIOS_ADMINISTRADOR\ASM3\EEPROM.MAC 52 : Found directive in column 1. (ENDM)
Warning[205] C:\USERS\YEUCL\DESKTOP\BUSSINES\PIC_CLAVES\PROYECTO USUARIOS_ADMINISTRADOR\ASM3\EEPROM.MAC 76 : Found directive in column 1. (ENDM)
Warning[205] C:\USERS\YEUCL\DESKTOP\BUSSINES\PIC_CLAVES\PROYECTO USUARIOS_ADMINISTRADOR\ASM3\EEPROM.MAC 91 : Found directive in column 1. (ENDM)
Warning[205] C:\USERS\YEUCL\DESKTOP\BUSSINES\PIC_CLAVES\PROYECTO USUARIOS_ADMINISTRADOR\ASM3\TECLADO.MAC 67 : Found directive in column 1. (ENDM)
Warning[205] C:\USERS\YEUCL\DESKTOP\BUSSINES\PIC_CLAVES\PROYECTO USUARIOS_ADMINISTRADOR\ASM3\TECLADO.MAC 183 : Found directive in column 1. (ENDM)
Warning[205] C:\USERS\YEUCL\DESKTOP\BUSSINES\PIC_CLAVES\PROYECTO USUARIOS_ADMINISTRADOR\ASM3\TECLADO.MAC 194 : Found directive in column 1. (ENDM)
Message[302] C:\USERS\YEUCL\DESKTOP\BUSSINES\PIC_CLAVES\PROYECTO USUARIOS_ADMINISTRADOR\ASM3\AUTOMATIZACION.ASM 44 : Register in operand not in bank 0.  Ensure that bank bits are correct.
Message[302] C:\USERS\YEUCL\DESKTOP\BUSSINES\PIC_CLAVES\PROYECTO USUARIOS_ADMINISTRADOR\ASM3\AUTOMATIZACION.ASM 48 : Register in operand not in bank 0.  Ensure that bank bits are correct.
Message[302] C:\USERS\YEUCL\DESKTOP\BUSSINES\PIC_CLAVES\PROYECTO USUARIOS_ADMINISTRADOR\ASM3\AUTOMATIZACION.ASM 53 : Register in operand not in bank 0.  Ensure that bank bits are correct.
Message[302] C:\USERS\YEUCL\DESKTOP\BUSSINES\PIC_CLAVES\PROYECTO USUARIOS_ADMINISTRADOR\ASM3\AUTOMATIZACION.ASM 60 : Register in operand not in bank 0.  Ensure that bank bits are correct.
Message[302] C:\USERS\YEUCL\DESKTOP\BUSSINES\PIC_CLAVES\PROYECTO USUARIOS_ADMINISTRADOR\ASM3\AUTOMATIZACION.ASM 65 : Register in operand not in bank 0.  Ensure that bank bits are correct.
Warning[203] C:\USERS\YEUCL\DESKTOP\BUSSINES\PIC_CLAVES\PROYECTO USUARIOS_ADMINISTRADOR\ASM3\AUTOMATIZACION.ASM 119 : Found opcode in column 1. (goto)
Warning[207] C:\USERS\YEUCL\DESKTOP\BUSSINES\PIC_CLAVES\PROYECTO USUARIOS_ADMINISTRADOR\ASM3\MACROS_LCD.MAC 288 : Found label after column 1. (Direccion_Hilera)
Warning[207] C:\USERS\YEUCL\DESKTOP\BUSSINES\PIC_CLAVES\PROYECTO USUARIOS_ADMINISTRADOR\ASM3\MACROS_LCD.MAC 291 : Found label after column 1. (Direccion_Hilera)
Warning[207] C:\USERS\YEUCL\DESKTOP\BUSSINES\PIC_CLAVES\PROYECTO USUARIOS_ADMINISTRADOR\ASM3\MACROS_LCD.MAC 288 : Found label after column 1. (Direccion_Hilera)
Warning[207] C:\USERS\YEUCL\DESKTOP\BUSSINES\PIC_CLAVES\PROYECTO USUARIOS_ADMINISTRADOR\ASM3\MACROS_LCD.MAC 291 : Found label after column 1. (Direccion_Hilera)
Warning[207] C:\USERS\YEUCL\DESKTOP\BUSSINES\PIC_CLAVES\PROYECTO USUARIOS_ADMINISTRADOR\ASM3\MACROS_LCD.MAC 288 : Found label after column 1. (Direccion_Hilera)
Warning[207] C:\USERS\YEUCL\DESKTOP\BUSSINES\PIC_CLAVES\PROYECTO USUARIOS_ADMINISTRADOR\ASM3\MACROS_LCD.MAC 288 : Found label after column 1. (Direccion_Hilera)
Warning[207] C:\USERS\YEUCL\DESKTOP\BUSSINES\PIC_CLAVES\PROYECTO USUARIOS_ADMINISTRADOR\ASM3\MACROS_LCD.MAC 288 : Found label after column 1. (Direccion_Hilera)
Warning[207] C:\USERS\YEUCL\DESKTOP\BUSSINES\PIC_CLAVES\PROYECTO USUARIOS_ADMINISTRADOR\ASM3\MACROS_LCD.MAC 291 : Found label after column 1. (Direccion_Hilera)
Message[302] C:\USERS\YEUCL\DESKTOP\BUSSINES\PIC_CLAVES\PROYECTO USUARIOS_ADMINISTRADOR\ASM3\AUTOMATIZACION.ASM 302 : Register in operand not in bank 0.  Ensure that bank bits are correct.
Message[302] C:\USERS\YEUCL\DESKTOP\BUSSINES\PIC_CLAVES\PROYECTO USUARIOS_ADMINISTRADOR\ASM3\AUTOMATIZACION.ASM 310 : Register in operand not in bank 0.  Ensure that bank bits are correct.
Message[302] C:\USERS\YEUCL\DESKTOP\BUSSINES\PIC_CLAVES\PROYECTO USUARIOS_ADMINISTRADOR\ASM3\AUTOMATIZACION.ASM 312 : Register in operand not in bank 0.  Ensure that bank bits are correct.
Message[302] C:\USERS\YEUCL\DESKTOP\BUSSINES\PIC_CLAVES\PROYECTO USUARIOS_ADMINISTRADOR\ASM3\AUTOMATIZACION.ASM 317 : Register in operand not in bank 0.  Ensure that bank bits are correct.
Message[302] C:\USERS\YEUCL\DESKTOP\BUSSINES\PIC_CLAVES\PROYECTO USUARIOS_ADMINISTRADOR\ASM3\AUTOMATIZACION.ASM 319 : Register in operand not in bank 0.  Ensure that bank bits are correct.
Message[302] C:\USERS\YEUCL\DESKTOP\BUSSINES\PIC_CLAVES\PROYECTO USUARIOS_ADMINISTRADOR\ASM3\AUTOMATIZACION.ASM 324 : Register in operand not in bank 0.  Ensure that bank bits are correct.
Message[302] C:\USERS\YEUCL\DESKTOP\BUSSINES\PIC_CLAVES\PROYECTO USUARIOS_ADMINISTRADOR\ASM3\AUTOMATIZACION.ASM 326 : Register in operand not in bank 0.  Ensure that bank bits are correct.
Message[302] C:\USERS\YEUCL\DESKTOP\BUSSINES\PIC_CLAVES\PROYECTO USUARIOS_ADMINISTRADOR\ASM3\AUTOMATIZACION.ASM 331 : Register in operand not in bank 0.  Ensure that bank bits are correct.
Message[302] C:\USERS\YEUCL\DESKTOP\BUSSINES\PIC_CLAVES\PROYECTO USUARIOS_ADMINISTRADOR\ASM3\AUTOMATIZACION.ASM 333 : Register in operand not in bank 0.  Ensure that bank bits are correct.
Message[305] C:\USERS\YEUCL\DESKTOP\BUSSINES\PIC_CLAVES\PROYECTO USUARIOS_ADMINISTRADOR\ASM3\AUTOMATIZACION.ASM 403 : Using default destination of 1 (file).
Message[302] C:\USERS\YEUCL\DESKTOP\BUSSINES\PIC_CLAVES\PROYECTO USUARIOS_ADMINISTRADOR\ASM3\AUTOMATIZACION.ASM 529 : Register in operand not in bank 0.  Ensure that bank bits are correct.
Message[302] C:\USERS\YEUCL\DESKTOP\BUSSINES\PIC_CLAVES\PROYECTO USUARIOS_ADMINISTRADOR\ASM3\AUTOMATIZACION.ASM 531 : Register in operand not in bank 0.  Ensure that bank bits are correct.
Message[305] C:\USERS\YEUCL\DESKTOP\BUSSINES\PIC_CLAVES\PROYECTO USUARIOS_ADMINISTRADOR\ASM3\AUTOMATIZACION.ASM 581 : Using default destination of 1 (file).
Warning[207] C:\USERS\YEUCL\DESKTOP\BUSSINES\PIC_CLAVES\PROYECTO USUARIOS_ADMINISTRADOR\ASM3\MACROS_LCD.MAC 291 : Found label after column 1. (Direccion_Hilera)
Message[305] C:\USERS\YEUCL\DESKTOP\BUSSINES\PIC_CLAVES\PROYECTO USUARIOS_ADMINISTRADOR\ASM3\AUTOMATIZACION.ASM 642 : Using default destination of 1 (file).
Warning[207] C:\USERS\YEUCL\DESKTOP\BUSSINES\PIC_CLAVES\PROYECTO USUARIOS_ADMINISTRADOR\ASM3\MACROS_LCD.MAC 288 : Found label after column 1. (Direccion_Hilera)
Warning[207] C:\USERS\YEUCL\DESKTOP\BUSSINES\PIC_CLAVES\PROYECTO USUARIOS_ADMINISTRADOR\ASM3\MACROS_LCD.MAC 291 : Found label after column 1. (Direccion_Hilera)
Warning[207] C:\USERS\YEUCL\DESKTOP\BUSSINES\PIC_CLAVES\PROYECTO USUARIOS_ADMINISTRADOR\ASM3\MACROS_LCD.MAC 288 : Found label after column 1. (Direccion_Hilera)
Warning[207] C:\USERS\YEUCL\DESKTOP\BUSSINES\PIC_CLAVES\PROYECTO USUARIOS_ADMINISTRADOR\ASM3\MACROS_LCD.MAC 291 : Found label after column 1. (Direccion_Hilera)
Message[302] C:\USERS\YEUCL\DESKTOP\BUSSINES\PIC_CLAVES\PROYECTO USUARIOS_ADMINISTRADOR\ASM3\LCD_4BITS_PORTB.INC 50 : Register in operand not in bank 0.  Ensure that bank bits are correct.
Message[302] C:\USERS\YEUCL\DESKTOP\BUSSINES\PIC_CLAVES\PROYECTO USUARIOS_ADMINISTRADOR\ASM3\AUTOMATIZACION.ASM 794 : Register in operand not in bank 0.  Ensure that bank bits are correct.
Message[302] C:\USERS\YEUCL\DESKTOP\BUSSINES\PIC_CLAVES\PROYECTO USUARIOS_ADMINISTRADOR\ASM3\AUTOMATIZACION.ASM 796 : Register in operand not in bank 0.  Ensure that bank bits are correct.
Message[302] C:\USERS\YEUCL\DESKTOP\BUSSINES\PIC_CLAVES\PROYECTO USUARIOS_ADMINISTRADOR\ASM3\AUTOMATIZACION.ASM 801 : Register in operand not in bank 0.  Ensure that bank bits are correct.
Message[302] C:\USERS\YEUCL\DESKTOP\BUSSINES\PIC_CLAVES\PROYECTO USUARIOS_ADMINISTRADOR\ASM3\AUTOMATIZACION.ASM 803 : Register in operand not in bank 0.  Ensure that bank bits are correct.
Message[302] C:\USERS\YEUCL\DESKTOP\BUSSINES\PIC_CLAVES\PROYECTO USUARIOS_ADMINISTRADOR\ASM3\AUTOMATIZACION.ASM 808 : Register in operand not in bank 0.  Ensure that bank bits are correct.
Message[302] C:\USERS\YEUCL\DESKTOP\BUSSINES\PIC_CLAVES\PROYECTO USUARIOS_ADMINISTRADOR\ASM3\AUTOMATIZACION.ASM 810 : Register in operand not in bank 0.  Ensure that bank bits are correct.
Message[302] C:\USERS\YEUCL\DESKTOP\BUSSINES\PIC_CLAVES\PROYECTO USUARIOS_ADMINISTRADOR\ASM3\AUTOMATIZACION.ASM 815 : Register in operand not in bank 0.  Ensure that bank bits are correct.
Message[302] C:\USERS\YEUCL\DESKTOP\BUSSINES\PIC_CLAVES\PROYECTO USUARIOS_ADMINISTRADOR\ASM3\AUTOMATIZACION.ASM 817 : Register in operand not in bank 0.  Ensure that bank bits are correct.
Message[302] C:\USERS\YEUCL\DESKTOP\BUSSINES\PIC_CLAVES\PROYECTO USUARIOS_ADMINISTRADOR\ASM3\AUTOMATIZACION.ASM 824 : Register in operand not in bank 0.  Ensure that bank bits are correct.
Message[302] C:\USERS\YEUCL\DESKTOP\BUSSINES\PIC_CLAVES\PROYECTO USUARIOS_ADMINISTRADOR\ASM3\AUTOMATIZACION.ASM 826 : Register in operand not in bank 0.  Ensure that bank bits are correct.
Message[302] C:\USERS\YEUCL\DESKTOP\BUSSINES\PIC_CLAVES\PROYECTO USUARIOS_ADMINISTRADOR\ASM3\AUTOMATIZACION.ASM 831 : Register in operand not in bank 0.  Ensure that bank bits are correct.
Message[302] C:\USERS\YEUCL\DESKTOP\BUSSINES\PIC_CLAVES\PROYECTO USUARIOS_ADMINISTRADOR\ASM3\AUTOMATIZACION.ASM 833 : Register in operand not in bank 0.  Ensure that bank bits are correct.
Message[302] C:\USERS\YEUCL\DESKTOP\BUSSINES\PIC_CLAVES\PROYECTO USUARIOS_ADMINISTRADOR\ASM3\AUTOMATIZACION.ASM 838 : Register in operand not in bank 0.  Ensure that bank bits are correct.
Message[302] C:\USERS\YEUCL\DESKTOP\BUSSINES\PIC_CLAVES\PROYECTO USUARIOS_ADMINISTRADOR\ASM3\AUTOMATIZACION.ASM 840 : Register in operand not in bank 0.  Ensure that bank bits are correct.
Message[302] C:\USERS\YEUCL\DESKTOP\BUSSINES\PIC_CLAVES\PROYECTO USUARIOS_ADMINISTRADOR\ASM3\AUTOMATIZACION.ASM 845 : Register in operand not in bank 0.  Ensure that bank bits are correct.
Message[302] C:\USERS\YEUCL\DESKTOP\BUSSINES\PIC_CLAVES\PROYECTO USUARIOS_ADMINISTRADOR\ASM3\AUTOMATIZACION.ASM 847 : Register in operand not in bank 0.  Ensure that bank bits are correct.
Message[302] C:\USERS\YEUCL\DESKTOP\BUSSINES\PIC_CLAVES\PROYECTO USUARIOS_ADMINISTRADOR\ASM3\AUTOMATIZACION.ASM 854 : Register in operand not in bank 0.  Ensure that bank bits are correct.
Message[302] C:\USERS\YEUCL\DESKTOP\BUSSINES\PIC_CLAVES\PROYECTO USUARIOS_ADMINISTRADOR\ASM3\AUTOMATIZACION.ASM 856 : Register in operand not in bank 0.  Ensure that bank bits are correct.
Message[302] C:\USERS\YEUCL\DESKTOP\BUSSINES\PIC_CLAVES\PROYECTO USUARIOS_ADMINISTRADOR\ASM3\AUTOMATIZACION.ASM 861 : Register in operand not in bank 0.  Ensure that bank bits are correct.
Message[302] C:\USERS\YEUCL\DESKTOP\BUSSINES\PIC_CLAVES\PROYECTO USUARIOS_ADMINISTRADOR\ASM3\AUTOMATIZACION.ASM 863 : Register in operand not in bank 0.  Ensure that bank bits are correct.
Message[302] C:\USERS\YEUCL\DESKTOP\BUSSINES\PIC_CLAVES\PROYECTO USUARIOS_ADMINISTRADOR\ASM3\AUTOMATIZACION.ASM 868 : Register in operand not in bank 0.  Ensure that bank bits are correct.
Message[302] C:\USERS\YEUCL\DESKTOP\BUSSINES\PIC_CLAVES\PROYECTO USUARIOS_ADMINISTRADOR\ASM3\AUTOMATIZACION.ASM 870 : Register in operand not in bank 0.  Ensure that bank bits are correct.
Message[302] C:\USERS\YEUCL\DESKTOP\BUSSINES\PIC_CLAVES\PROYECTO USUARIOS_ADMINISTRADOR\ASM3\AUTOMATIZACION.ASM 875 : Register in operand not in bank 0.  Ensure that bank bits are correct.
Message[302] C:\USERS\YEUCL\DESKTOP\BUSSINES\PIC_CLAVES\PROYECTO USUARIOS_ADMINISTRADOR\ASM3\AUTOMATIZACION.ASM 877 : Register in operand not in bank 0.  Ensure that bank bits are correct.
Message[302] C:\USERS\YEUCL\DESKTOP\BUSSINES\PIC_CLAVES\PROYECTO USUARIOS_ADMINISTRADOR\ASM3\AUTOMATIZACION.ASM 884 : Register in operand not in bank 0.  Ensure that bank bits are correct.
Message[302] C:\USERS\YEUCL\DESKTOP\BUSSINES\PIC_CLAVES\PROYECTO USUARIOS_ADMINISTRADOR\ASM3\AUTOMATIZACION.ASM 886 : Register in operand not in bank 0.  Ensure that bank bits are correct.
Message[302] C:\USERS\YEUCL\DESKTOP\BUSSINES\PIC_CLAVES\PROYECTO USUARIOS_ADMINISTRADOR\ASM3\AUTOMATIZACION.ASM 891 : Register in operand not in bank 0.  Ensure that bank bits are correct.
Message[302] C:\USERS\YEUCL\DESKTOP\BUSSINES\PIC_CLAVES\PROYECTO USUARIOS_ADMINISTRADOR\ASM3\AUTOMATIZACION.ASM 893 : Register in operand not in bank 0.  Ensure that bank bits are correct.
Message[302] C:\USERS\YEUCL\DESKTOP\BUSSINES\PIC_CLAVES\PROYECTO USUARIOS_ADMINISTRADOR\ASM3\AUTOMATIZACION.ASM 898 : Register in operand not in bank 0.  Ensure that bank bits are correct.
Message[302] C:\USERS\YEUCL\DESKTOP\BUSSINES\PIC_CLAVES\PROYECTO USUARIOS_ADMINISTRADOR\ASM3\AUTOMATIZACION.ASM 900 : Register in operand not in bank 0.  Ensure that bank bits are correct.
Message[302] C:\USERS\YEUCL\DESKTOP\BUSSINES\PIC_CLAVES\PROYECTO USUARIOS_ADMINISTRADOR\ASM3\AUTOMATIZACION.ASM 905 : Register in operand not in bank 0.  Ensure that bank bits are correct.
Message[302] C:\USERS\YEUCL\DESKTOP\BUSSINES\PIC_CLAVES\PROYECTO USUARIOS_ADMINISTRADOR\ASM3\AUTOMATIZACION.ASM 907 : Register in operand not in bank 0.  Ensure that bank bits are correct.
Message[302] C:\USERS\YEUCL\DESKTOP\BUSSINES\PIC_CLAVES\PROYECTO USUARIOS_ADMINISTRADOR\ASM3\AUTOMATIZACION.ASM 921 : Register in operand not in bank 0.  Ensure that bank bits are correct.
Message[302] C:\USERS\YEUCL\DESKTOP\BUSSINES\PIC_CLAVES\PROYECTO USUARIOS_ADMINISTRADOR\ASM3\AUTOMATIZACION.ASM 923 : Register in operand not in bank 0.  Ensure that bank bits are correct.
Message[302] C:\USERS\YEUCL\DESKTOP\BUSSINES\PIC_CLAVES\PROYECTO USUARIOS_ADMINISTRADOR\ASM3\AUTOMATIZACION.ASM 928 : Register in operand not in bank 0.  Ensure that bank bits are correct.
Message[302] C:\USERS\YEUCL\DESKTOP\BUSSINES\PIC_CLAVES\PROYECTO USUARIOS_ADMINISTRADOR\ASM3\AUTOMATIZACION.ASM 930 : Register in operand not in bank 0.  Ensure that bank bits are correct.
Message[302] C:\USERS\YEUCL\DESKTOP\BUSSINES\PIC_CLAVES\PROYECTO USUARIOS_ADMINISTRADOR\ASM3\AUTOMATIZACION.ASM 935 : Register in operand not in bank 0.  Ensure that bank bits are correct.
Message[302] C:\USERS\YEUCL\DESKTOP\BUSSINES\PIC_CLAVES\PROYECTO USUARIOS_ADMINISTRADOR\ASM3\AUTOMATIZACION.ASM 937 : Register in operand not in bank 0.  Ensure that bank bits are correct.
Message[302] C:\USERS\YEUCL\DESKTOP\BUSSINES\PIC_CLAVES\PROYECTO USUARIOS_ADMINISTRADOR\ASM3\AUTOMATIZACION.ASM 942 : Register in operand not in bank 0.  Ensure that bank bits are correct.
Message[302] C:\USERS\YEUCL\DESKTOP\BUSSINES\PIC_CLAVES\PROYECTO USUARIOS_ADMINISTRADOR\ASM3\AUTOMATIZACION.ASM 944 : Register in operand not in bank 0.  Ensure that bank bits are correct.
Message[302] C:\USERS\YEUCL\DESKTOP\BUSSINES\PIC_CLAVES\PROYECTO USUARIOS_ADMINISTRADOR\ASM3\AUTOMATIZACION.ASM 951 : Register in operand not in bank 0.  Ensure that bank bits are correct.
Message[302] C:\USERS\YEUCL\DESKTOP\BUSSINES\PIC_CLAVES\PROYECTO USUARIOS_ADMINISTRADOR\ASM3\AUTOMATIZACION.ASM 953 : Register in operand not in bank 0.  Ensure that bank bits are correct.
Message[302] C:\USERS\YEUCL\DESKTOP\BUSSINES\PIC_CLAVES\PROYECTO USUARIOS_ADMINISTRADOR\ASM3\AUTOMATIZACION.ASM 958 : Register in operand not in bank 0.  Ensure that bank bits are correct.
Message[302] C:\USERS\YEUCL\DESKTOP\BUSSINES\PIC_CLAVES\PROYECTO USUARIOS_ADMINISTRADOR\ASM3\AUTOMATIZACION.ASM 960 : Register in operand not in bank 0.  Ensure that bank bits are correct.
Message[302] C:\USERS\YEUCL\DESKTOP\BUSSINES\PIC_CLAVES\PROYECTO USUARIOS_ADMINISTRADOR\ASM3\AUTOMATIZACION.ASM 965 : Register in operand not in bank 0.  Ensure that bank bits are correct.
Message[302] C:\USERS\YEUCL\DESKTOP\BUSSINES\PIC_CLAVES\PROYECTO USUARIOS_ADMINISTRADOR\ASM3\AUTOMATIZACION.ASM 967 : Register in operand not in bank 0.  Ensure that bank bits are correct.
Message[302] C:\USERS\YEUCL\DESKTOP\BUSSINES\PIC_CLAVES\PROYECTO USUARIOS_ADMINISTRADOR\ASM3\AUTOMATIZACION.ASM 972 : Register in operand not in bank 0.  Ensure that bank bits are correct.
Message[302] C:\USERS\YEUCL\DESKTOP\BUSSINES\PIC_CLAVES\PROYECTO USUARIOS_ADMINISTRADOR\ASM3\AUTOMATIZACION.ASM 974 : Register in operand not in bank 0.  Ensure that bank bits are correct.
Message[302] C:\USERS\YEUCL\DESKTOP\BUSSINES\PIC_CLAVES\PROYECTO USUARIOS_ADMINISTRADOR\ASM3\AUTOMATIZACION.ASM 981 : Register in operand not in bank 0.  Ensure that bank bits are correct.
Message[302] C:\USERS\YEUCL\DESKTOP\BUSSINES\PIC_CLAVES\PROYECTO USUARIOS_ADMINISTRADOR\ASM3\AUTOMATIZACION.ASM 983 : Register in operand not in bank 0.  Ensure that bank bits are correct.
Message[302] C:\USERS\YEUCL\DESKTOP\BUSSINES\PIC_CLAVES\PROYECTO USUARIOS_ADMINISTRADOR\ASM3\AUTOMATIZACION.ASM 988 : Register in operand not in bank 0.  Ensure that bank bits are correct.
Message[302] C:\USERS\YEUCL\DESKTOP\BUSSINES\PIC_CLAVES\PROYECTO USUARIOS_ADMINISTRADOR\ASM3\AUTOMATIZACION.ASM 990 : Register in operand not in bank 0.  Ensure that bank bits are correct.
Message[302] C:\USERS\YEUCL\DESKTOP\BUSSINES\PIC_CLAVES\PROYECTO USUARIOS_ADMINISTRADOR\ASM3\AUTOMATIZACION.ASM 995 : Register in operand not in bank 0.  Ensure that bank bits are correct.
Message[302] C:\USERS\YEUCL\DESKTOP\BUSSINES\PIC_CLAVES\PROYECTO USUARIOS_ADMINISTRADOR\ASM3\AUTOMATIZACION.ASM 997 : Register in operand not in bank 0.  Ensure that bank bits are correct.
Message[302] C:\USERS\YEUCL\DESKTOP\BUSSINES\PIC_CLAVES\PROYECTO USUARIOS_ADMINISTRADOR\ASM3\AUTOMATIZACION.ASM 1002 : Register in operand not in bank 0.  Ensure that bank bits are correct.
Message[302] C:\USERS\YEUCL\DESKTOP\BUSSINES\PIC_CLAVES\PROYECTO USUARIOS_ADMINISTRADOR\ASM3\AUTOMATIZACION.ASM 1004 : Register in operand not in bank 0.  Ensure that bank bits are correct.
Message[302] C:\USERS\YEUCL\DESKTOP\BUSSINES\PIC_CLAVES\PROYECTO USUARIOS_ADMINISTRADOR\ASM3\AUTOMATIZACION.ASM 1019 : Register in operand not in bank 0.  Ensure that bank bits are correct.
Message[302] C:\USERS\YEUCL\DESKTOP\BUSSINES\PIC_CLAVES\PROYECTO USUARIOS_ADMINISTRADOR\ASM3\AUTOMATIZACION.ASM 1025 : Register in operand not in bank 0.  Ensure that bank bits are correct.
Message[302] C:\USERS\YEUCL\DESKTOP\BUSSINES\PIC_CLAVES\PROYECTO USUARIOS_ADMINISTRADOR\ASM3\AUTOMATIZACION.ASM 1031 : Register in operand not in bank 0.  Ensure that bank bits are correct.
Message[302] C:\USERS\YEUCL\DESKTOP\BUSSINES\PIC_CLAVES\PROYECTO USUARIOS_ADMINISTRADOR\ASM3\AUTOMATIZACION.ASM 1037 : Register in operand not in bank 0.  Ensure that bank bits are correct.
Message[302] C:\USERS\YEUCL\DESKTOP\BUSSINES\PIC_CLAVES\PROYECTO USUARIOS_ADMINISTRADOR\ASM3\AUTOMATIZACION.ASM 1045 : Register in operand not in bank 0.  Ensure that bank bits are correct.
Message[302] C:\USERS\YEUCL\DESKTOP\BUSSINES\PIC_CLAVES\PROYECTO USUARIOS_ADMINISTRADOR\ASM3\AUTOMATIZACION.ASM 1051 : Register in operand not in bank 0.  Ensure that bank bits are correct.
Message[302] C:\USERS\YEUCL\DESKTOP\BUSSINES\PIC_CLAVES\PROYECTO USUARIOS_ADMINISTRADOR\ASM3\AUTOMATIZACION.ASM 1057 : Register in operand not in bank 0.  Ensure that bank bits are correct.
Message[302] C:\USERS\YEUCL\DESKTOP\BUSSINES\PIC_CLAVES\PROYECTO USUARIOS_ADMINISTRADOR\ASM3\AUTOMATIZACION.ASM 1063 : Register in operand not in bank 0.  Ensure that bank bits are correct.
Message[302] C:\USERS\YEUCL\DESKTOP\BUSSINES\PIC_CLAVES\PROYECTO USUARIOS_ADMINISTRADOR\ASM3\AUTOMATIZACION.ASM 1071 : Register in operand not in bank 0.  Ensure that bank bits are correct.
Message[302] C:\USERS\YEUCL\DESKTOP\BUSSINES\PIC_CLAVES\PROYECTO USUARIOS_ADMINISTRADOR\ASM3\AUTOMATIZACION.ASM 1077 : Register in operand not in bank 0.  Ensure that bank bits are correct.
Message[302] C:\USERS\YEUCL\DESKTOP\BUSSINES\PIC_CLAVES\PROYECTO USUARIOS_ADMINISTRADOR\ASM3\AUTOMATIZACION.ASM 1083 : Register in operand not in bank 0.  Ensure that bank bits are correct.
Message[302] C:\USERS\YEUCL\DESKTOP\BUSSINES\PIC_CLAVES\PROYECTO USUARIOS_ADMINISTRADOR\ASM3\AUTOMATIZACION.ASM 1089 : Register in operand not in bank 0.  Ensure that bank bits are correct.
Message[302] C:\USERS\YEUCL\DESKTOP\BUSSINES\PIC_CLAVES\PROYECTO USUARIOS_ADMINISTRADOR\ASM3\AUTOMATIZACION.ASM 1143 : Register in operand not in bank 0.  Ensure that bank bits are correct.
Message[302] C:\USERS\YEUCL\DESKTOP\BUSSINES\PIC_CLAVES\PROYECTO USUARIOS_ADMINISTRADOR\ASM3\AUTOMATIZACION.ASM 1149 : Register in operand not in bank 0.  Ensure that bank bits are correct.
Message[302] C:\USERS\YEUCL\DESKTOP\BUSSINES\PIC_CLAVES\PROYECTO USUARIOS_ADMINISTRADOR\ASM3\AUTOMATIZACION.ASM 1155 : Register in operand not in bank 0.  Ensure that bank bits are correct.
Message[302] C:\USERS\YEUCL\DESKTOP\BUSSINES\PIC_CLAVES\PROYECTO USUARIOS_ADMINISTRADOR\ASM3\AUTOMATIZACION.ASM 1161 : Register in operand not in bank 0.  Ensure that bank bits are correct.
Message[302] C:\USERS\YEUCL\DESKTOP\BUSSINES\PIC_CLAVES\PROYECTO USUARIOS_ADMINISTRADOR\ASM3\AUTOMATIZACION.ASM 1175 : Register in operand not in bank 0.  Ensure that bank bits are correct.
Message[302] C:\USERS\YEUCL\DESKTOP\BUSSINES\PIC_CLAVES\PROYECTO USUARIOS_ADMINISTRADOR\ASM3\AUTOMATIZACION.ASM 1181 : Register in operand not in bank 0.  Ensure that bank bits are correct.
Message[302] C:\USERS\YEUCL\DESKTOP\BUSSINES\PIC_CLAVES\PROYECTO USUARIOS_ADMINISTRADOR\ASM3\AUTOMATIZACION.ASM 1187 : Register in operand not in bank 0.  Ensure that bank bits are correct.
Message[302] C:\USERS\YEUCL\DESKTOP\BUSSINES\PIC_CLAVES\PROYECTO USUARIOS_ADMINISTRADOR\ASM3\AUTOMATIZACION.ASM 1193 : Register in operand not in bank 0.  Ensure that bank bits are correct.
Message[302] C:\USERS\YEUCL\DESKTOP\BUSSINES\PIC_CLAVES\PROYECTO USUARIOS_ADMINISTRADOR\ASM3\AUTOMATIZACION.ASM 1207 : Register in operand not in bank 0.  Ensure that bank bits are correct.
Message[302] C:\USERS\YEUCL\DESKTOP\BUSSINES\PIC_CLAVES\PROYECTO USUARIOS_ADMINISTRADOR\ASM3\AUTOMATIZACION.ASM 1213 : Register in operand not in bank 0.  Ensure that bank bits are correct.
Message[302] C:\USERS\YEUCL\DESKTOP\BUSSINES\PIC_CLAVES\PROYECTO USUARIOS_ADMINISTRADOR\ASM3\AUTOMATIZACION.ASM 1219 : Register in operand not in bank 0.  Ensure that bank bits are correct.
Message[302] C:\USERS\YEUCL\DESKTOP\BUSSINES\PIC_CLAVES\PROYECTO USUARIOS_ADMINISTRADOR\ASM3\AUTOMATIZACION.ASM 1225 : Register in operand not in bank 0.  Ensure that bank bits are correct.
Message[302] C:\USERS\YEUCL\DESKTOP\BUSSINES\PIC_CLAVES\PROYECTO USUARIOS_ADMINISTRADOR\ASM3\AUTOMATIZACION.ASM 1239 : Register in operand not in bank 0.  Ensure that bank bits are correct.
Message[302] C:\USERS\YEUCL\DESKTOP\BUSSINES\PIC_CLAVES\PROYECTO USUARIOS_ADMINISTRADOR\ASM3\AUTOMATIZACION.ASM 1245 : Register in operand not in bank 0.  Ensure that bank bits are correct.
Message[302] C:\USERS\YEUCL\DESKTOP\BUSSINES\PIC_CLAVES\PROYECTO USUARIOS_ADMINISTRADOR\ASM3\AUTOMATIZACION.ASM 1251 : Register in operand not in bank 0.  Ensure that bank bits are correct.
Message[302] C:\USERS\YEUCL\DESKTOP\BUSSINES\PIC_CLAVES\PROYECTO USUARIOS_ADMINISTRADOR\ASM3\AUTOMATIZACION.ASM 1257 : Register in operand not in bank 0.  Ensure that bank bits are correct.
Warning[203] C:\USERS\YEUCL\DESKTOP\BUSSINES\PIC_CLAVES\PROYECTO USUARIOS_ADMINISTRADOR\ASM3\AUTOMATIZACION.ASM 1276 : Found opcode in column 1. (return)
Message[302] C:\USERS\YEUCL\DESKTOP\BUSSINES\PIC_CLAVES\PROYECTO USUARIOS_ADMINISTRADOR\ASM3\AUTOMATIZACION.ASM 1280 : Register in operand not in bank 0.  Ensure that bank bits are correct.
Message[302] C:\USERS\YEUCL\DESKTOP\BUSSINES\PIC_CLAVES\PROYECTO USUARIOS_ADMINISTRADOR\ASM3\AUTOMATIZACION.ASM 1281 : Register in operand not in bank 0.  Ensure that bank bits are correct.
Message[302] C:\USERS\YEUCL\DESKTOP\BUSSINES\PIC_CLAVES\PROYECTO USUARIOS_ADMINISTRADOR\ASM3\AUTOMATIZACION.ASM 1283 : Register in operand not in bank 0.  Ensure that bank bits are correct.
Message[302] C:\USERS\YEUCL\DESKTOP\BUSSINES\PIC_CLAVES\PROYECTO USUARIOS_ADMINISTRADOR\ASM3\AUTOMATIZACION.ASM 1285 : Register in operand not in bank 0.  Ensure that bank bits are correct.
Message[302] C:\USERS\YEUCL\DESKTOP\BUSSINES\PIC_CLAVES\PROYECTO USUARIOS_ADMINISTRADOR\ASM3\AUTOMATIZACION.ASM 1286 : Register in operand not in bank 0.  Ensure that bank bits are correct.
Message[302] C:\USERS\YEUCL\DESKTOP\BUSSINES\PIC_CLAVES\PROYECTO USUARIOS_ADMINISTRADOR\ASM3\AUTOMATIZACION.ASM 1288 : Register in operand not in bank 0.  Ensure that bank bits are correct.
Message[302] C:\USERS\YEUCL\DESKTOP\BUSSINES\PIC_CLAVES\PROYECTO USUARIOS_ADMINISTRADOR\ASM3\AUTOMATIZACION.ASM 1290 : Register in operand not in bank 0.  Ensure that bank bits are correct.
Message[302] C:\USERS\YEUCL\DESKTOP\BUSSINES\PIC_CLAVES\PROYECTO USUARIOS_ADMINISTRADOR\ASM3\AUTOMATIZACION.ASM 1296 : Register in operand not in bank 0.  Ensure that bank bits are correct.
Message[302] C:\USERS\YEUCL\DESKTOP\BUSSINES\PIC_CLAVES\PROYECTO USUARIOS_ADMINISTRADOR\ASM3\AUTOMATIZACION.ASM 1297 : Register in operand not in bank 0.  Ensure that bank bits are correct.
Message[302] C:\USERS\YEUCL\DESKTOP\BUSSINES\PIC_CLAVES\PROYECTO USUARIOS_ADMINISTRADOR\ASM3\AUTOMATIZACION.ASM 1299 : Register in operand not in bank 0.  Ensure that bank bits are correct.
